

Started GET "/" for 127.0.0.1 at 2015-02-17 16:09:09 +0100

ActiveRecord::NoDatabaseError (FATAL:  database "bmons-site_development" does not exist
):
  activerecord (4.2.0) lib/active_record/connection_adapters/postgresql_adapter.rb:661:in `rescue in connect'
  activerecord (4.2.0) lib/active_record/connection_adapters/postgresql_adapter.rb:651:in `connect'
  activerecord (4.2.0) lib/active_record/connection_adapters/postgresql_adapter.rb:242:in `initialize'
  activerecord (4.2.0) lib/active_record/connection_adapters/postgresql_adapter.rb:44:in `new'
  activerecord (4.2.0) lib/active_record/connection_adapters/postgresql_adapter.rb:44:in `postgresql_connection'
  activerecord (4.2.0) lib/active_record/connection_adapters/abstract/connection_pool.rb:436:in `new_connection'
  activerecord (4.2.0) lib/active_record/connection_adapters/abstract/connection_pool.rb:446:in `checkout_new_connection'
  activerecord (4.2.0) lib/active_record/connection_adapters/abstract/connection_pool.rb:422:in `acquire_connection'
  activerecord (4.2.0) lib/active_record/connection_adapters/abstract/connection_pool.rb:349:in `block in checkout'
  /usr/local/lib/ruby/2.1.0/monitor.rb:211:in `mon_synchronize'
  activerecord (4.2.0) lib/active_record/connection_adapters/abstract/connection_pool.rb:348:in `checkout'
  activerecord (4.2.0) lib/active_record/connection_adapters/abstract/connection_pool.rb:263:in `block in connection'
  /usr/local/lib/ruby/2.1.0/monitor.rb:211:in `mon_synchronize'
  activerecord (4.2.0) lib/active_record/connection_adapters/abstract/connection_pool.rb:262:in `connection'
  activerecord (4.2.0) lib/active_record/connection_adapters/abstract/connection_pool.rb:565:in `retrieve_connection'
  activerecord (4.2.0) lib/active_record/connection_handling.rb:113:in `retrieve_connection'
  activerecord (4.2.0) lib/active_record/connection_handling.rb:87:in `connection'
  activerecord (4.2.0) lib/active_record/migration.rb:384:in `connection'
  activerecord (4.2.0) lib/active_record/migration.rb:371:in `call'
  actionpack (4.2.0) lib/action_dispatch/middleware/callbacks.rb:29:in `block in call'
  activesupport (4.2.0) lib/active_support/callbacks.rb:88:in `call'
  activesupport (4.2.0) lib/active_support/callbacks.rb:88:in `_run_callbacks'
  activesupport (4.2.0) lib/active_support/callbacks.rb:734:in `_run_call_callbacks'
  activesupport (4.2.0) lib/active_support/callbacks.rb:81:in `run_callbacks'
  actionpack (4.2.0) lib/action_dispatch/middleware/callbacks.rb:27:in `call'
  actionpack (4.2.0) lib/action_dispatch/middleware/reloader.rb:73:in `call'
  actionpack (4.2.0) lib/action_dispatch/middleware/remote_ip.rb:78:in `call'
  web-console (2.0.0) lib/action_dispatch/debug_exceptions.rb:18:in `middleware_call'
  web-console (2.0.0) lib/action_dispatch/debug_exceptions.rb:13:in `call'
  actionpack (4.2.0) lib/action_dispatch/middleware/show_exceptions.rb:30:in `call'
  railties (4.2.0) lib/rails/rack/logger.rb:38:in `call_app'
  railties (4.2.0) lib/rails/rack/logger.rb:20:in `block in call'
  activesupport (4.2.0) lib/active_support/tagged_logging.rb:68:in `block in tagged'
  activesupport (4.2.0) lib/active_support/tagged_logging.rb:26:in `tagged'
  activesupport (4.2.0) lib/active_support/tagged_logging.rb:68:in `tagged'
  railties (4.2.0) lib/rails/rack/logger.rb:20:in `call'
  actionpack (4.2.0) lib/action_dispatch/middleware/request_id.rb:21:in `call'
  rack (1.6.0) lib/rack/methodoverride.rb:22:in `call'
  rack (1.6.0) lib/rack/runtime.rb:18:in `call'
  activesupport (4.2.0) lib/active_support/cache/strategy/local_cache_middleware.rb:28:in `call'
  rack (1.6.0) lib/rack/lock.rb:17:in `call'
  actionpack (4.2.0) lib/action_dispatch/middleware/static.rb:113:in `call'
  rack (1.6.0) lib/rack/sendfile.rb:113:in `call'
  railties (4.2.0) lib/rails/engine.rb:518:in `call'
  railties (4.2.0) lib/rails/application.rb:164:in `call'
  rack (1.6.0) lib/rack/lock.rb:17:in `call'
  rack (1.6.0) lib/rack/content_length.rb:15:in `call'
  rack (1.6.0) lib/rack/handler/webrick.rb:89:in `service'
  /usr/local/lib/ruby/2.1.0/webrick/httpserver.rb:138:in `service'
  /usr/local/lib/ruby/2.1.0/webrick/httpserver.rb:94:in `run'
  /usr/local/lib/ruby/2.1.0/webrick/server.rb:295:in `block in start_thread'


  Rendered /usr/local/lib/ruby/gems/2.1.0/gems/web-console-2.0.0/lib/action_dispatch/templates/rescues/_source.erb (3.0ms)
  Rendered /usr/local/lib/ruby/gems/2.1.0/gems/web-console-2.0.0/lib/action_dispatch/templates/rescues/_trace.html.erb (1.6ms)
  Rendered /usr/local/lib/ruby/gems/2.1.0/gems/web-console-2.0.0/lib/action_dispatch/templates/rescues/_request_and_response.html.erb (1.2ms)
  Rendered /usr/local/lib/ruby/gems/2.1.0/gems/web-console-2.0.0/lib/action_dispatch/templates/rescues/_web_console.html.erb (1.0ms)
  Rendered /usr/local/lib/ruby/gems/2.1.0/gems/web-console-2.0.0/lib/action_dispatch/templates/rescues/diagnostics.html.erb within rescues/layout (27.9ms)


Started GET "/" for 127.0.0.1 at 2015-02-17 16:10:02 +0100
Processing by Rails::WelcomeController#index as HTML
  Rendered /usr/local/lib/ruby/gems/2.1.0/gems/railties-4.2.0/lib/rails/templates/rails/welcome/index.html.erb (1.4ms)
Completed 200 OK in 23ms (Views: 15.5ms | ActiveRecord: 0.0ms)


Started GET "/" for 127.0.0.1 at 2015-02-17 16:10:09 +0100
Processing by Rails::WelcomeController#index as HTML
  Rendered /usr/local/lib/ruby/gems/2.1.0/gems/railties-4.2.0/lib/rails/templates/rails/welcome/index.html.erb (0.1ms)
Completed 200 OK in 1ms (Views: 0.8ms | ActiveRecord: 0.0ms)


Started GET "/" for 127.0.0.1 at 2015-02-17 16:12:51 +0100
Processing by MainController#index as HTML
  Rendered main/index.html.erb within layouts/application (0.9ms)
Completed 500 Internal Server Error in 94ms

ActionView::Template::Error (Could not find a JavaScript runtime. See https://github.com/sstephenson/execjs for a list of available runtimes.
  (in /usr/local/lib/ruby/gems/2.1.0/gems/turbolinks-2.5.3/lib/assets/javascripts/turbolinks.js.coffee)):
    3: <head>
    4:   <title>BmonsSite</title>
    5:   <%= stylesheet_link_tag    'application', media: 'all', 'data-turbolinks-track' => true %>
    6:   <%= javascript_include_tag 'application', 'data-turbolinks-track' => true %>
    7:   <%= csrf_meta_tags %>
    8: </head>
    9: <body>
  app/views/layouts/application.html.erb:6:in `_app_views_layouts_application_html_erb__101088740940096489_69825362594860'


  Rendered /usr/local/lib/ruby/gems/2.1.0/gems/web-console-2.0.0/lib/action_dispatch/templates/rescues/_source.erb (7.4ms)
  Rendered /usr/local/lib/ruby/gems/2.1.0/gems/web-console-2.0.0/lib/action_dispatch/templates/rescues/_trace.html.erb (3.1ms)
  Rendered /usr/local/lib/ruby/gems/2.1.0/gems/web-console-2.0.0/lib/action_dispatch/templates/rescues/_request_and_response.html.erb (0.8ms)
  Rendered /usr/local/lib/ruby/gems/2.1.0/gems/web-console-2.0.0/lib/action_dispatch/templates/rescues/_web_console.html.erb (0.7ms)
  Rendered /usr/local/lib/ruby/gems/2.1.0/gems/web-console-2.0.0/lib/action_dispatch/templates/rescues/template_error.html.erb within rescues/layout (24.0ms)


Started GET "/" for 127.0.0.1 at 2015-02-17 16:14:31 +0100
Processing by MainController#index as HTML
  Rendered main/index.html.erb within layouts/application (1.2ms)
Completed 200 OK in 462ms (Views: 454.6ms | ActiveRecord: 0.0ms)


Started GET "/assets/main-64e62ddc273c2f5847f30d698ca14b67.css?body=1" for 127.0.0.1 at 2015-02-17 16:14:32 +0100


Started GET "/assets/application-5266d2988799ecc8fe6e81eaab412e7d.css?body=1" for 127.0.0.1 at 2015-02-17 16:14:32 +0100


Started GET "/assets/jquery_ujs-e27bd20a10d28155845a22d71ef94f2f.js?body=1" for 127.0.0.1 at 2015-02-17 16:14:32 +0100


Started GET "/assets/jquery-87424c3c19e96d4fb033c10ebe21ec40.js?body=1" for 127.0.0.1 at 2015-02-17 16:14:32 +0100


Started GET "/assets/turbolinks-da8ddad9c2c5483d4c5c30c1ce325253.js?body=1" for 127.0.0.1 at 2015-02-17 16:14:32 +0100


Started GET "/assets/application-7940349aecc5b83c3832ad0db52d27df.js?body=1" for 127.0.0.1 at 2015-02-17 16:14:32 +0100


Started GET "/assets/main-46c9a194bd0668e67d57241f94473dc8.js?body=1" for 127.0.0.1 at 2015-02-17 16:14:32 +0100
  [1m[36m (112.3ms)[0m  [1mCREATE TABLE "schema_migrations" ("version" character varying NOT NULL) [0m
  [1m[35m (4.7ms)[0m  CREATE UNIQUE INDEX  "unique_schema_migrations" ON "schema_migrations"  ("version")
  [1m[36mActiveRecord::SchemaMigration Load (1.1ms)[0m  [1mSELECT "schema_migrations".* FROM "schema_migrations"[0m
Migrating to CreateUsers (20150217152043)
  [1m[35m (0.2ms)[0m  BEGIN
  [1m[36m (20.6ms)[0m  [1mCREATE TABLE "users" ("id" serial primary key, "name" character varying, "access_level" integer, "login" character varying, "password" character varying, "email" character varying, "tel" character varying, "created_at" timestamp NOT NULL, "updated_at" timestamp NOT NULL) [0m
  [1m[35mSQL (3.5ms)[0m  INSERT INTO "schema_migrations" ("version") VALUES ($1)  [["version", "20150217152043"]]
  [1m[36m (1.9ms)[0m  [1mCOMMIT[0m
  [1m[35mActiveRecord::SchemaMigration Load (1.5ms)[0m  SELECT "schema_migrations".* FROM "schema_migrations"
  [1m[36m (2.3ms)[0m  [1mSELECT t2.oid::regclass::text AS to_table, a1.attname AS column, a2.attname AS primary_key, c.conname AS name, c.confupdtype AS on_update, c.confdeltype AS on_delete
FROM pg_constraint c
JOIN pg_class t1 ON c.conrelid = t1.oid
JOIN pg_class t2 ON c.confrelid = t2.oid
JOIN pg_attribute a1 ON a1.attnum = c.conkey[1] AND a1.attrelid = t1.oid
JOIN pg_attribute a2 ON a2.attnum = c.confkey[1] AND a2.attrelid = t2.oid
JOIN pg_namespace t3 ON c.connamespace = t3.oid
WHERE c.contype = 'f'
  AND t1.relname = 'users'
  AND t3.nspname = ANY (current_schemas(false))
ORDER BY c.conname
[0m
  [1m[36mActiveRecord::SchemaMigration Load (0.4ms)[0m  [1mSELECT "schema_migrations".* FROM "schema_migrations"[0m
Migrating to CreateBeehives (20150217152609)
  [1m[35m (0.2ms)[0m  BEGIN
  [1m[36m (6.9ms)[0m  [1mCREATE TABLE "beehives" ("id" serial primary key, "name" character varying, "position" text, "user_id" integer, "created_at" timestamp NOT NULL, "updated_at" timestamp NOT NULL) [0m
  [1m[35m (2.3ms)[0m  CREATE  INDEX  "index_beehives_on_user_id" ON "beehives"  ("user_id")
  [1m[36m (42.1ms)[0m  [1mALTER TABLE "beehives" ADD CONSTRAINT "fk_rails_9953ffbced"
FOREIGN KEY ("user_id")
  REFERENCES "users" ("id")
[0m
  [1m[35mSQL (0.6ms)[0m  INSERT INTO "schema_migrations" ("version") VALUES ($1)  [["version", "20150217152609"]]
  [1m[36m (2.4ms)[0m  [1mCOMMIT[0m
Migrating to CreateSensors (20150217152646)
  [1m[35m (0.3ms)[0m  BEGIN
  [1m[36m (9.5ms)[0m  [1mCREATE TABLE "sensors" ("id" serial primary key, "name" character varying, "type" character varying, "unity" character varying, "Beehive_id" integer, "created_at" timestamp NOT NULL, "updated_at" timestamp NOT NULL) [0m
  [1m[35m (2.3ms)[0m  CREATE  INDEX  "index_sensors_on_Beehive_id" ON "sensors"  ("Beehive_id")
  [1m[36m (11.6ms)[0m  [1mALTER TABLE "sensors" ADD CONSTRAINT "fk_rails_e059f0a588"
FOREIGN KEY ("Beehive_id")
  REFERENCES "Beehives" ("id")
[0m
PG::UndefinedTable: ERROR:  relation "Beehives" does not exist
: ALTER TABLE "sensors" ADD CONSTRAINT "fk_rails_e059f0a588"
FOREIGN KEY ("Beehive_id")
  REFERENCES "Beehives" ("id")

  [1m[35m (0.3ms)[0m  ROLLBACK
  [1m[36mActiveRecord::SchemaMigration Load (0.5ms)[0m  [1mSELECT "schema_migrations".* FROM "schema_migrations"[0m
Migrating to CreateSensors (20150217152646)
  [1m[35m (0.3ms)[0m  BEGIN
  [1m[36m (6.3ms)[0m  [1mCREATE TABLE "sensors" ("id" serial primary key, "name" character varying, "type" character varying, "unity" character varying, "Beehive_id" integer, "created_at" timestamp NOT NULL, "updated_at" timestamp NOT NULL) [0m
  [1m[35m (2.0ms)[0m  CREATE  INDEX  "index_sensors_on_Beehive_id" ON "sensors"  ("Beehive_id")
  [1m[36m (1.6ms)[0m  [1mALTER TABLE "sensors" ADD CONSTRAINT "fk_rails_11df39e0e6"
FOREIGN KEY ("Beehive_id")
  REFERENCES "Beehives" ("id")
[0m
PG::UndefinedTable: ERROR:  relation "Beehives" does not exist
: ALTER TABLE "sensors" ADD CONSTRAINT "fk_rails_11df39e0e6"
FOREIGN KEY ("Beehive_id")
  REFERENCES "Beehives" ("id")

  [1m[35m (0.3ms)[0m  ROLLBACK
  [1m[36mActiveRecord::SchemaMigration Load (0.4ms)[0m  [1mSELECT "schema_migrations".* FROM "schema_migrations"[0m
Migrating to CreateSensors (20150217152646)
  [1m[35m (0.2ms)[0m  BEGIN
  [1m[36m (7.1ms)[0m  [1mCREATE TABLE "sensors" ("id" serial primary key, "name" character varying, "type" character varying, "unity" character varying, "Beehive_id" integer, "created_at" timestamp NOT NULL, "updated_at" timestamp NOT NULL) [0m
  [1m[35m (2.7ms)[0m  CREATE  INDEX  "index_sensors_on_Beehive_id" ON "sensors"  ("Beehive_id")
  [1m[36m (1.5ms)[0m  [1mALTER TABLE "sensors" ADD CONSTRAINT "fk_rails_eea621c84b"
FOREIGN KEY ("Beehive_id")
  REFERENCES "Beehives" ("id")
[0m
PG::UndefinedTable: ERROR:  relation "Beehives" does not exist
: ALTER TABLE "sensors" ADD CONSTRAINT "fk_rails_eea621c84b"
FOREIGN KEY ("Beehive_id")
  REFERENCES "Beehives" ("id")

  [1m[35m (0.3ms)[0m  ROLLBACK
  [1m[36mActiveRecord::SchemaMigration Load (0.4ms)[0m  [1mSELECT "schema_migrations".* FROM "schema_migrations"[0m
  [1m[35mActiveRecord::SchemaMigration Load (0.3ms)[0m  SELECT "schema_migrations".* FROM "schema_migrations"
  [1m[36m (2.2ms)[0m  [1mSELECT t2.oid::regclass::text AS to_table, a1.attname AS column, a2.attname AS primary_key, c.conname AS name, c.confupdtype AS on_update, c.confdeltype AS on_delete
FROM pg_constraint c
JOIN pg_class t1 ON c.conrelid = t1.oid
JOIN pg_class t2 ON c.confrelid = t2.oid
JOIN pg_attribute a1 ON a1.attnum = c.conkey[1] AND a1.attrelid = t1.oid
JOIN pg_attribute a2 ON a2.attnum = c.confkey[1] AND a2.attrelid = t2.oid
JOIN pg_namespace t3 ON c.connamespace = t3.oid
WHERE c.contype = 'f'
  AND t1.relname = 'beehives'
  AND t3.nspname = ANY (current_schemas(false))
ORDER BY c.conname
[0m
  [1m[35m (1.8ms)[0m  SELECT t2.oid::regclass::text AS to_table, a1.attname AS column, a2.attname AS primary_key, c.conname AS name, c.confupdtype AS on_update, c.confdeltype AS on_delete
FROM pg_constraint c
JOIN pg_class t1 ON c.conrelid = t1.oid
JOIN pg_class t2 ON c.confrelid = t2.oid
JOIN pg_attribute a1 ON a1.attnum = c.conkey[1] AND a1.attrelid = t1.oid
JOIN pg_attribute a2 ON a2.attnum = c.confkey[1] AND a2.attrelid = t2.oid
JOIN pg_namespace t3 ON c.connamespace = t3.oid
WHERE c.contype = 'f'
  AND t1.relname = 'users'
  AND t3.nspname = ANY (current_schemas(false))
ORDER BY c.conname

  [1m[36mActiveRecord::SchemaMigration Load (0.4ms)[0m  [1mSELECT "schema_migrations".* FROM "schema_migrations"[0m
Migrating to CreateSensors (20150217152646)
  [1m[35m (0.3ms)[0m  BEGIN
  [1m[36m (6.8ms)[0m  [1mCREATE TABLE "sensors" ("id" serial primary key, "name" character varying, "type" character varying, "unity" character varying, "Beehive_id" integer, "created_at" timestamp NOT NULL, "updated_at" timestamp NOT NULL) [0m
  [1m[35m (2.1ms)[0m  CREATE  INDEX  "index_sensors_on_Beehive_id" ON "sensors"  ("Beehive_id")
  [1m[36m (1.5ms)[0m  [1mALTER TABLE "sensors" ADD CONSTRAINT "fk_rails_9ba34c93ea"
FOREIGN KEY ("Beehive_id")
  REFERENCES "Beehives" ("id")
[0m
PG::UndefinedTable: ERROR:  relation "Beehives" does not exist
: ALTER TABLE "sensors" ADD CONSTRAINT "fk_rails_9ba34c93ea"
FOREIGN KEY ("Beehive_id")
  REFERENCES "Beehives" ("id")

  [1m[35m (0.3ms)[0m  ROLLBACK
  [1m[36mActiveRecord::SchemaMigration Load (0.4ms)[0m  [1mSELECT "schema_migrations".* FROM "schema_migrations"[0m
Migrating to CreateSensors (20150217152646)
  [1m[35m (0.3ms)[0m  BEGIN
  [1m[36m (7.1ms)[0m  [1mCREATE TABLE "sensors" ("id" serial primary key, "name" character varying, "type" character varying, "unity" character varying, "Beehive_id" integer, "created_at" timestamp NOT NULL, "updated_at" timestamp NOT NULL) [0m
  [1m[35m (2.6ms)[0m  CREATE  INDEX  "index_sensors_on_Beehive_id" ON "sensors"  ("Beehive_id")
  [1m[36m (1.6ms)[0m  [1mALTER TABLE "sensors" ADD CONSTRAINT "fk_rails_f26170f89c"
FOREIGN KEY ("Beehive_id")
  REFERENCES "Beehives" ("id")
[0m
PG::UndefinedTable: ERROR:  relation "Beehives" does not exist
: ALTER TABLE "sensors" ADD CONSTRAINT "fk_rails_f26170f89c"
FOREIGN KEY ("Beehive_id")
  REFERENCES "Beehives" ("id")

  [1m[35m (0.2ms)[0m  ROLLBACK
  [1m[36mActiveRecord::SchemaMigration Load (0.5ms)[0m  [1mSELECT "schema_migrations".* FROM "schema_migrations"[0m
Migrating to CreateUsers (20150217153519)
  [1m[35m (0.3ms)[0m  BEGIN
  [1m[36m (2.2ms)[0m  [1mCREATE TABLE "users" ("id" serial primary key, "name" character varying, "access_level" integer, "login" character varying, "password" character varying, "email" character varying, "tel" character varying, "created_at" timestamp NOT NULL, "updated_at" timestamp NOT NULL) [0m
PG::DuplicateTable: ERROR:  relation "users" already exists
: CREATE TABLE "users" ("id" serial primary key, "name" character varying, "access_level" integer, "login" character varying, "password" character varying, "email" character varying, "tel" character varying, "created_at" timestamp NOT NULL, "updated_at" timestamp NOT NULL) 
  [1m[35m (0.3ms)[0m  ROLLBACK
  [1m[36mActiveRecord::SchemaMigration Load (0.5ms)[0m  [1mSELECT "schema_migrations".* FROM "schema_migrations"[0m
Migrating to CreateUsers (20150217153519)
  [1m[35m (0.4ms)[0m  BEGIN
  [1m[36m (2.1ms)[0m  [1mCREATE TABLE "users" ("id" serial primary key, "name" character varying, "access_level" integer, "login" character varying, "password" character varying, "email" character varying, "tel" character varying, "created_at" timestamp NOT NULL, "updated_at" timestamp NOT NULL) [0m
PG::DuplicateTable: ERROR:  relation "users" already exists
: CREATE TABLE "users" ("id" serial primary key, "name" character varying, "access_level" integer, "login" character varying, "password" character varying, "email" character varying, "tel" character varying, "created_at" timestamp NOT NULL, "updated_at" timestamp NOT NULL) 
  [1m[35m (0.3ms)[0m  ROLLBACK
  [1m[36mActiveRecord::SchemaMigration Load (0.4ms)[0m  [1mSELECT "schema_migrations".* FROM "schema_migrations"[0m
Migrating to CreateBeehives (20150217153600)
  [1m[35m (0.2ms)[0m  BEGIN
  [1m[36m (2.5ms)[0m  [1mCREATE TABLE "beehives" ("id" serial primary key, "name" character varying, "position" text, "user_id" integer, "created_at" timestamp NOT NULL, "updated_at" timestamp NOT NULL) [0m
PG::DuplicateTable: ERROR:  relation "beehives" already exists
: CREATE TABLE "beehives" ("id" serial primary key, "name" character varying, "position" text, "user_id" integer, "created_at" timestamp NOT NULL, "updated_at" timestamp NOT NULL) 
  [1m[35m (0.2ms)[0m  ROLLBACK
  [1m[36mActiveRecord::SchemaMigration Load (0.5ms)[0m  [1mSELECT "schema_migrations".* FROM "schema_migrations"[0m
Migrating to CreateSensors (20150217153628)
  [1m[35m (0.3ms)[0m  BEGIN
  [1m[36m (7.3ms)[0m  [1mCREATE TABLE "sensors" ("id" serial primary key, "name" character varying, "type" character varying, "unity" character varying, "beehive_id" integer, "created_at" timestamp NOT NULL, "updated_at" timestamp NOT NULL) [0m
  [1m[35m (2.9ms)[0m  CREATE  INDEX  "index_sensors_on_beehive_id" ON "sensors"  ("beehive_id")
  [1m[36m (1.0ms)[0m  [1mALTER TABLE "sensors" ADD CONSTRAINT "fk_rails_f23b843878"
FOREIGN KEY ("beehive_id")
  REFERENCES "beehives" ("id")
[0m
  [1m[35mSQL (0.2ms)[0m  INSERT INTO "schema_migrations" ("version") VALUES ($1)  [["version", "20150217153628"]]
  [1m[36m (2.6ms)[0m  [1mCOMMIT[0m
  [1m[35mActiveRecord::SchemaMigration Load (0.4ms)[0m  SELECT "schema_migrations".* FROM "schema_migrations"
  [1m[36m (3.6ms)[0m  [1mSELECT t2.oid::regclass::text AS to_table, a1.attname AS column, a2.attname AS primary_key, c.conname AS name, c.confupdtype AS on_update, c.confdeltype AS on_delete
FROM pg_constraint c
JOIN pg_class t1 ON c.conrelid = t1.oid
JOIN pg_class t2 ON c.confrelid = t2.oid
JOIN pg_attribute a1 ON a1.attnum = c.conkey[1] AND a1.attrelid = t1.oid
JOIN pg_attribute a2 ON a2.attnum = c.confkey[1] AND a2.attrelid = t2.oid
JOIN pg_namespace t3 ON c.connamespace = t3.oid
WHERE c.contype = 'f'
  AND t1.relname = 'beehives'
  AND t3.nspname = ANY (current_schemas(false))
ORDER BY c.conname
[0m
  [1m[35m (2.1ms)[0m  SELECT t2.oid::regclass::text AS to_table, a1.attname AS column, a2.attname AS primary_key, c.conname AS name, c.confupdtype AS on_update, c.confdeltype AS on_delete
FROM pg_constraint c
JOIN pg_class t1 ON c.conrelid = t1.oid
JOIN pg_class t2 ON c.confrelid = t2.oid
JOIN pg_attribute a1 ON a1.attnum = c.conkey[1] AND a1.attrelid = t1.oid
JOIN pg_attribute a2 ON a2.attnum = c.confkey[1] AND a2.attrelid = t2.oid
JOIN pg_namespace t3 ON c.connamespace = t3.oid
WHERE c.contype = 'f'
  AND t1.relname = 'sensors'
  AND t3.nspname = ANY (current_schemas(false))
ORDER BY c.conname

  [1m[36m (1.6ms)[0m  [1mSELECT t2.oid::regclass::text AS to_table, a1.attname AS column, a2.attname AS primary_key, c.conname AS name, c.confupdtype AS on_update, c.confdeltype AS on_delete
FROM pg_constraint c
JOIN pg_class t1 ON c.conrelid = t1.oid
JOIN pg_class t2 ON c.confrelid = t2.oid
JOIN pg_attribute a1 ON a1.attnum = c.conkey[1] AND a1.attrelid = t1.oid
JOIN pg_attribute a2 ON a2.attnum = c.confkey[1] AND a2.attrelid = t2.oid
JOIN pg_namespace t3 ON c.connamespace = t3.oid
WHERE c.contype = 'f'
  AND t1.relname = 'users'
  AND t3.nspname = ANY (current_schemas(false))
ORDER BY c.conname
[0m
  [1m[36mActiveRecord::SchemaMigration Load (0.5ms)[0m  [1mSELECT "schema_migrations".* FROM "schema_migrations"[0m
Migrating to CreateAlerts (20150217153706)
  [1m[35m (0.3ms)[0m  BEGIN
  [1m[36m (6.9ms)[0m  [1mCREATE TABLE "alerts" ("id" serial primary key, "type" character varying, "frequency" integer, "message" text, "threshold" integer, "comparison" character varying, "active" boolean, "user_id" integer, "sensor_id" integer, "created_at" timestamp NOT NULL, "updated_at" timestamp NOT NULL) [0m
  [1m[35m (3.3ms)[0m  CREATE  INDEX  "index_alerts_on_user_id" ON "alerts"  ("user_id")
  [1m[36m (2.4ms)[0m  [1mCREATE  INDEX  "index_alerts_on_sensor_id" ON "alerts"  ("sensor_id")[0m
  [1m[35m (1.6ms)[0m  ALTER TABLE "alerts" ADD CONSTRAINT "fk_rails_c929fa4c62"
FOREIGN KEY ("user_id")
  REFERENCES "users" ("id")

  [1m[36m (1.1ms)[0m  [1mALTER TABLE "alerts" ADD CONSTRAINT "fk_rails_f121348199"
FOREIGN KEY ("sensor_id")
  REFERENCES "sensors" ("id")
[0m
  [1m[35mSQL (0.3ms)[0m  INSERT INTO "schema_migrations" ("version") VALUES ($1)  [["version", "20150217153706"]]
  [1m[36m (2.0ms)[0m  [1mCOMMIT[0m
Migrating to CreateAlertLogs (20150217153715)
  [1m[35m (0.4ms)[0m  BEGIN
  [1m[36m (5.8ms)[0m  [1mCREATE TABLE "alert_logs" ("id" serial primary key, "message" text, "status" integer, "recipient" character varying, "datetime" timestamp, "alert_id" integer, "created_at" timestamp NOT NULL, "updated_at" timestamp NOT NULL) [0m
  [1m[35m (7.3ms)[0m  CREATE  INDEX  "index_alert_logs_on_alert_id" ON "alert_logs"  ("alert_id")
  [1m[36m (1.8ms)[0m  [1mALTER TABLE "alert_logs" ADD CONSTRAINT "fk_rails_e161ff8b5f"
FOREIGN KEY ("alert_id")
  REFERENCES "alerts" ("id")
[0m
  [1m[35mSQL (0.3ms)[0m  INSERT INTO "schema_migrations" ("version") VALUES ($1)  [["version", "20150217153715"]]
  [1m[36m (1.6ms)[0m  [1mCOMMIT[0m
Migrating to CreateMeasurements (20150217153733)
  [1m[35m (0.3ms)[0m  BEGIN
  [1m[36m (4.0ms)[0m  [1mCREATE TABLE "measurements" ("id" serial primary key, "value" integer, "datetime" timestamp, "sensor_id" integer, "created_at" timestamp NOT NULL, "updated_at" timestamp NOT NULL) [0m
  [1m[35m (2.9ms)[0m  CREATE  INDEX  "index_measurements_on_sensor_id" ON "measurements"  ("sensor_id")
  [1m[36m (0.8ms)[0m  [1mALTER TABLE "measurements" ADD CONSTRAINT "fk_rails_7fe08a2c01"
FOREIGN KEY ("sensor_id")
  REFERENCES "sensors" ("id")
[0m
  [1m[35mSQL (0.4ms)[0m  INSERT INTO "schema_migrations" ("version") VALUES ($1)  [["version", "20150217153733"]]
  [1m[36m (1.5ms)[0m  [1mCOMMIT[0m
  [1m[35mActiveRecord::SchemaMigration Load (0.3ms)[0m  SELECT "schema_migrations".* FROM "schema_migrations"
  [1m[36m (2.3ms)[0m  [1mSELECT t2.oid::regclass::text AS to_table, a1.attname AS column, a2.attname AS primary_key, c.conname AS name, c.confupdtype AS on_update, c.confdeltype AS on_delete
FROM pg_constraint c
JOIN pg_class t1 ON c.conrelid = t1.oid
JOIN pg_class t2 ON c.confrelid = t2.oid
JOIN pg_attribute a1 ON a1.attnum = c.conkey[1] AND a1.attrelid = t1.oid
JOIN pg_attribute a2 ON a2.attnum = c.confkey[1] AND a2.attrelid = t2.oid
JOIN pg_namespace t3 ON c.connamespace = t3.oid
WHERE c.contype = 'f'
  AND t1.relname = 'alert_logs'
  AND t3.nspname = ANY (current_schemas(false))
ORDER BY c.conname
[0m
  [1m[35m (2.1ms)[0m  SELECT t2.oid::regclass::text AS to_table, a1.attname AS column, a2.attname AS primary_key, c.conname AS name, c.confupdtype AS on_update, c.confdeltype AS on_delete
FROM pg_constraint c
JOIN pg_class t1 ON c.conrelid = t1.oid
JOIN pg_class t2 ON c.confrelid = t2.oid
JOIN pg_attribute a1 ON a1.attnum = c.conkey[1] AND a1.attrelid = t1.oid
JOIN pg_attribute a2 ON a2.attnum = c.confkey[1] AND a2.attrelid = t2.oid
JOIN pg_namespace t3 ON c.connamespace = t3.oid
WHERE c.contype = 'f'
  AND t1.relname = 'alerts'
  AND t3.nspname = ANY (current_schemas(false))
ORDER BY c.conname

  [1m[36m (2.2ms)[0m  [1mSELECT t2.oid::regclass::text AS to_table, a1.attname AS column, a2.attname AS primary_key, c.conname AS name, c.confupdtype AS on_update, c.confdeltype AS on_delete
FROM pg_constraint c
JOIN pg_class t1 ON c.conrelid = t1.oid
JOIN pg_class t2 ON c.confrelid = t2.oid
JOIN pg_attribute a1 ON a1.attnum = c.conkey[1] AND a1.attrelid = t1.oid
JOIN pg_attribute a2 ON a2.attnum = c.confkey[1] AND a2.attrelid = t2.oid
JOIN pg_namespace t3 ON c.connamespace = t3.oid
WHERE c.contype = 'f'
  AND t1.relname = 'beehives'
  AND t3.nspname = ANY (current_schemas(false))
ORDER BY c.conname
[0m
  [1m[35m (2.2ms)[0m  SELECT t2.oid::regclass::text AS to_table, a1.attname AS column, a2.attname AS primary_key, c.conname AS name, c.confupdtype AS on_update, c.confdeltype AS on_delete
FROM pg_constraint c
JOIN pg_class t1 ON c.conrelid = t1.oid
JOIN pg_class t2 ON c.confrelid = t2.oid
JOIN pg_attribute a1 ON a1.attnum = c.conkey[1] AND a1.attrelid = t1.oid
JOIN pg_attribute a2 ON a2.attnum = c.confkey[1] AND a2.attrelid = t2.oid
JOIN pg_namespace t3 ON c.connamespace = t3.oid
WHERE c.contype = 'f'
  AND t1.relname = 'measurements'
  AND t3.nspname = ANY (current_schemas(false))
ORDER BY c.conname

  [1m[36m (2.1ms)[0m  [1mSELECT t2.oid::regclass::text AS to_table, a1.attname AS column, a2.attname AS primary_key, c.conname AS name, c.confupdtype AS on_update, c.confdeltype AS on_delete
FROM pg_constraint c
JOIN pg_class t1 ON c.conrelid = t1.oid
JOIN pg_class t2 ON c.confrelid = t2.oid
JOIN pg_attribute a1 ON a1.attnum = c.conkey[1] AND a1.attrelid = t1.oid
JOIN pg_attribute a2 ON a2.attnum = c.confkey[1] AND a2.attrelid = t2.oid
JOIN pg_namespace t3 ON c.connamespace = t3.oid
WHERE c.contype = 'f'
  AND t1.relname = 'sensors'
  AND t3.nspname = ANY (current_schemas(false))
ORDER BY c.conname
[0m
  [1m[35m (2.1ms)[0m  SELECT t2.oid::regclass::text AS to_table, a1.attname AS column, a2.attname AS primary_key, c.conname AS name, c.confupdtype AS on_update, c.confdeltype AS on_delete
FROM pg_constraint c
JOIN pg_class t1 ON c.conrelid = t1.oid
JOIN pg_class t2 ON c.confrelid = t2.oid
JOIN pg_attribute a1 ON a1.attnum = c.conkey[1] AND a1.attrelid = t1.oid
JOIN pg_attribute a2 ON a2.attnum = c.confkey[1] AND a2.attrelid = t2.oid
JOIN pg_namespace t3 ON c.connamespace = t3.oid
WHERE c.contype = 'f'
  AND t1.relname = 'users'
  AND t3.nspname = ANY (current_schemas(false))
ORDER BY c.conname

