\BOOKMARK [1][-]{section.1}{1 Introduction}{}% 1
\BOOKMARK [1][-]{section.2}{2 G\351n\351ralit\351s}{}% 2
\BOOKMARK [1][-]{section.3}{3 Structure du rapport}{}% 3
\BOOKMARK [2][-]{subsection.3.1}{3.1 Page de titre}{section.3}% 4
\BOOKMARK [2][-]{subsection.3.2}{3.2 R\351sum\351}{section.3}% 5
\BOOKMARK [2][-]{subsection.3.3}{3.3 Table des mati\350res}{section.3}% 6
\BOOKMARK [2][-]{subsection.3.4}{3.4 Introduction}{section.3}% 7
\BOOKMARK [2][-]{subsection.3.5}{3.5 D\351veloppement}{section.3}% 8
\BOOKMARK [3][-]{subsubsection.3.5.1}{3.5.1 Notes de bas de page}{subsection.3.5}% 9
\BOOKMARK [3][-]{subsubsection.3.5.2}{3.5.2 Tables}{subsection.3.5}% 10
\BOOKMARK [2][-]{subsection.3.6}{3.6 Conclusion}{section.3}% 11
\BOOKMARK [2][-]{subsection.3.7}{3.7 Annexes}{section.3}% 12
\BOOKMARK [2][-]{subsection.3.8}{3.8 Index et glossaire}{section.3}% 13
\BOOKMARK [2][-]{subsection.3.9}{3.9 R\350gles de typographie}{section.3}% 14
\BOOKMARK [2][-]{subsection.3.10}{3.10 R\350gles de pr\351sentation de r\351sultats num\351riques}{section.3}% 15
\BOOKMARK [1][-]{section.4}{4 Outils d'aide \340 la production de documents}{}% 16
\BOOKMARK [2][-]{subsection.4.1}{4.1 Traitement de texte et formateur de texte}{section.4}% 17
\BOOKMARK [2][-]{subsection.4.2}{4.2 Outils collaboratifs}{section.4}% 18
\BOOKMARK [1][-]{section.5}{5 Conclusion}{}% 19
\BOOKMARK [1][-]{section*.1}{Liste des tableaux}{}% 20
\BOOKMARK [1][-]{section*.2}{Index}{}% 21
